Build started 10/29/2019 9:43:38 PM.
     1>Project "C:\Users\Utku\Documents\Visual Studio 2012\OpenGl\OPENGLudemydeneme\OPENGLudemydeneme\OPENGLudemydeneme.vcxproj" on node 2 (Build target(s)).
     1>ClCompile:
         D:\mutkusoftware\visual studio 2012\VC\bin\CL.exe /c /I"C:\Users\Utku\Documents\Visual Studio 2012\OpenGl\OPENGLudemydeneme\/../../External Libs\GLEW\include" /I"C:\Users\Utku\Documents\Visual Studio 2012\OpenGl\OPENGLudemydeneme\/../../External Libs\GLFW\include" /I"C:\Users\Utku\Documents\Visual Studio 2012\OpenGl\OPENGLudemydeneme\/../../External Libs\GLM" /ZI /nologo /W3 /WX- /Od /Oy- /D WIN32 /D _DEBUG /D _CONSOLE /D _UNICODE /D UNICODE /Gm /EHsc /RTC1 /MDd /GS /fp:precise /Zc:wchar_t /Zc:forScope /Fo"Debug\\" /Fd"Debug\vc110.pdb" /Gd /TP /analyze- /errorReport:prompt DirectionalLight.cpp Light.cpp Material.cpp Mesh.cpp PointLight.cpp Shader.cpp Texture.cpp Window.cpp
         Window.cpp
     1>c:\users\utku\documents\visual studio 2012\opengl\opengludemydeneme\opengludemydeneme\window.h(20): warning C4800: 'int' : forcing value to bool 'true' or 'false' (performance warning)
     1>c:\users\utku\documents\visual studio 2012\opengl\opengludemydeneme\opengludemydeneme\window.cpp(130): warning C4244: '=' : conversion from 'double' to 'GLfloat', possible loss of data
     1>c:\users\utku\documents\visual studio 2012\opengl\opengludemydeneme\opengludemydeneme\window.cpp(131): warning C4244: '=' : conversion from 'double' to 'GLfloat', possible loss of data
     1>c:\users\utku\documents\visual studio 2012\opengl\opengludemydeneme\opengludemydeneme\window.cpp(135): warning C4244: '=' : conversion from 'double' to 'GLfloat', possible loss of data
     1>c:\users\utku\documents\visual studio 2012\opengl\opengludemydeneme\opengludemydeneme\window.cpp(136): warning C4244: '=' : conversion from 'double' to 'GLfloat', possible loss of data
     1>c:\users\utku\documents\visual studio 2012\opengl\opengludemydeneme\opengludemydeneme\window.cpp(138): warning C4244: '=' : conversion from 'double' to 'GLfloat', possible loss of data
     1>c:\users\utku\documents\visual studio 2012\opengl\opengludemydeneme\opengludemydeneme\window.cpp(139): warning C4244: '=' : conversion from 'double' to 'GLfloat', possible loss of data
         Texture.cpp
         Shader.cpp
     1>c:\users\utku\documents\visual studio 2012\opengl\opengludemydeneme\opengludemydeneme\shader.cpp(202): warning C4244: 'argument' : conversion from 'GLuint' to 'GLfloat', possible loss of data
         PointLight.cpp
         Mesh.cpp
         Material.cpp
         Light.cpp
         DirectionalLight.cpp
     1>c:\users\utku\documents\visual studio 2012\opengl\opengludemydeneme\opengludemydeneme\directionallight.cpp(18): warning C4244: 'argument' : conversion from 'GLfloat' to 'GLint', possible loss of data
     1>c:\users\utku\documents\visual studio 2012\opengl\opengludemydeneme\opengludemydeneme\directionallight.cpp(19): warning C4244: 'argument' : conversion from 'GLfloat' to 'GLint', possible loss of data
     1>c:\users\utku\documents\visual studio 2012\opengl\opengludemydeneme\opengludemydeneme\directionallight.cpp(21): warning C4244: 'argument' : conversion from 'GLfloat' to 'GLint', possible loss of data
     1>c:\users\utku\documents\visual studio 2012\opengl\opengludemydeneme\opengludemydeneme\directionallight.cpp(22): warning C4244: 'argument' : conversion from 'GLfloat' to 'GLint', possible loss of data
         Generating Code...
     1>c:\users\utku\documents\visual studio 2012\opengl\opengludemydeneme\opengludemydeneme\window.cpp(80): warning C4715: 'Window::Initialise' : not all control paths return a value
       Link:
         D:\mutkusoftware\visual studio 2012\VC\bin\link.exe /ERRORREPORT:PROMPT /OUT:"C:\Users\Utku\Documents\Visual Studio 2012\OpenGl\OPENGLudemydeneme\Debug\OPENGLudemydeneme.exe" /INCREMENTAL /NOLOGO /LIBPATH:"C:\Users\Utku\Documents\Visual Studio 2012\OpenGl\OPENGLudemydeneme\/../../External Libs\GLEW\lib\Release\Win32" /LIBPATH:"C:\Users\Utku\Documents\Visual Studio 2012\OpenGl\OPENGLudemydeneme\/../../External Libs\GLFW\lib-vc2012" opengl32.lib glew32.lib glfw3.lib kernel32.lib user32.lib gdi32.lib winspool.lib comdlg32.lib advapi32.lib shell32.lib ole32.lib oleaut32.lib uuid.lib odbc32.lib odbccp32.lib /MANIFEST /MANIFESTUAC:"level='asInvoker' uiAccess='false'" /manifest:embed /DEBUG /PDB:"C:\Users\Utku\Documents\Visual Studio 2012\OpenGl\OPENGLudemydeneme\Debug\OPENGLudemydeneme.pdb" /SUBSYSTEM:CONSOLE /TLBID:1 /DYNAMICBASE /NXCOMPAT /IMPLIB:"C:\Users\Utku\Documents\Visual Studio 2012\OpenGl\OPENGLudemydeneme\Debug\OPENGLudemydeneme.lib" /MACHINE:X86 Debug\Camera.obj
         Debug\DirectionalLight.obj
         Debug\Light.obj
         Debug\main.obj
         Debug\Material.obj
         Debug\Mesh.obj
         Debug\PointLight.obj
         Debug\Shader.obj
         Debug\SpotLight.obj
         Debug\Texture.obj
         Debug\Window.obj
         OPENGLudemydeneme.vcxproj -> C:\Users\Utku\Documents\Visual Studio 2012\OpenGl\OPENGLudemydeneme\Debug\OPENGLudemydeneme.exe
     1>Done Building Project "C:\Users\Utku\Documents\Visual Studio 2012\OpenGl\OPENGLudemydeneme\OPENGLudemydeneme\OPENGLudemydeneme.vcxproj" (Build target(s)).

Build succeeded.

Time Elapsed 00:00:04.25
